2013-01-11 15:10:32.570 [info] <0.41.0> alarm_handler: {clear,system_memory_high_watermark}
2013-01-11 15:11:06.852 [info] <0.41.0> alarm_handler: {set,{system_memory_high_watermark,[]}}
2013-01-11 19:42:17.066 [warning] <0.69.0> OS_MON (memsup) timeout, no data collected

2013-01-11 23:40:11.988 [info] <0.63.0>@riak_core_sysmon_handler:handle_event:85 monitor long_gc <0.62.0> [{name,timer_server},{initial_call,{timer,init,1}},{almost_current_function,{gen_server,loop,6}},{message_queue_len,0}] [{timeout,174},{old_heap_block_size,0},{heap_block_size,233},{mbuf_size,0},{stack_size,19},{old_heap_size,0},{heap_size,46}]
2013-01-14 09:21:15.528 [warning] <0.69.0> OS_MON (memsup) timeout, no data collected

2013-01-14 09:21:16.116 [info] <0.63.0>@riak_core_sysmon_handler:handle_event:85 monitor long_gc <0.6.0> [{name,error_logger},{initial_call,{gen_event,init_it,6}},{almost_current_function,{gen_event,fetch_msg,5}},{message_queue_len,0}] [{timeout,147},{old_heap_block_size,0},{heap_block_size,377},{mbuf_size,0},{stack_size,30},{old_heap_size,0},{heap_size,154}]
2013-01-14 09:53:14.219 [warning] <0.69.0> OS_MON (memsup) timeout, no data collected

2013-01-14 15:43:26.908 [info] <0.41.0> alarm_handler: {clear,system_memory_high_watermark}
2013-01-14 15:43:20.586 [info] <0.63.0>@riak_core_sysmon_handler:handle_event:85 monitor long_gc <0.62.0> [{name,timer_server},{initial_call,{timer,init,1}},{almost_current_function,{gen_server,loop,6}},{message_queue_len,0}] [{timeout,673},{old_heap_block_size,0},{heap_block_size,233},{mbuf_size,0},{stack_size,18},{old_heap_size,0},{heap_size,32}]
2013-01-14 15:43:30.780 [info] <0.63.0>@riak_core_sysmon_handler:handle_event:85 monitor long_gc <0.1274.0> [{initial_call,{riak_core_vnode,init,1}},{almost_current_function,{gen_fsm,loop,7}},{message_queue_len,0}] [{timeout,976},{old_heap_block_size,0},{heap_block_size,1597},{mbuf_size,0},{stack_size,21},{old_heap_size,0},{heap_size,771}]
2013-01-14 15:43:30.780 [info] <0.63.0>@riak_core_sysmon_handler:handle_event:85 monitor long_gc <0.157.0> [{name,riak_core_claimant},{initial_call,{riak_core_claimant,init,1}},{almost_current_function,{gen_server,loop,6}},{message_queue_len,0}] [{timeout,493},{old_heap_block_size,0},{heap_block_size,2584},{mbuf_size,0},{stack_size,29},{old_heap_size,0},{heap_size,815}]
2013-01-14 15:43:30.780 [info] <0.63.0>@riak_core_sysmon_handler:handle_event:85 monitor long_gc <0.154.0> [{name,riak_core_vnode_manager},{initial_call,{riak_core_vnode_manager,init,1}},{almost_current_function,{gen_server,loop,6}},{message_queue_len,0}] [{timeout,962},{old_heap_block_size,0},{heap_block_size,17711},{mbuf_size,0},{stack_size,334},{old_heap_size,0},{heap_size,5509}]
2013-01-14 15:43:31.154 [info] <0.63.0>@riak_core_sysmon_handler:handle_event:85 monitor long_gc <0.6.0> [{name,error_logger},{initial_call,{gen_event,init_it,6}},{almost_current_function,{gen_event,fetch_msg,5}},{message_queue_len,0}] [{timeout,412},{old_heap_block_size,0},{heap_block_size,377},{mbuf_size,0},{stack_size,30},{old_heap_size,0},{heap_size,110}]
2013-01-14 15:54:10.339 [info] <0.41.0> alarm_handler: {set,{system_memory_high_watermark,[]}}
2013-01-14 15:55:10.348 [info] <0.41.0> alarm_handler: {clear,system_memory_high_watermark}
2013-01-14 15:56:10.351 [info] <0.41.0> alarm_handler: {set,{system_memory_high_watermark,[]}}
2013-01-14 16:00:10.369 [info] <0.41.0> alarm_handler: {clear,system_memory_high_watermark}
2013-01-14 16:01:10.372 [info] <0.41.0> alarm_handler: {set,{system_memory_high_watermark,[]}}
2013-01-14 16:08:10.397 [info] <0.41.0> alarm_handler: {clear,system_memory_high_watermark}
2013-01-14 16:14:10.418 [info] <0.41.0> alarm_handler: {set,{system_memory_high_watermark,[]}}
2013-01-14 16:15:10.423 [info] <0.41.0> alarm_handler: {clear,system_memory_high_watermark}
2013-01-14 16:18:10.434 [info] <0.41.0> alarm_handler: {set,{system_memory_high_watermark,[]}}
2013-01-14 16:21:10.445 [info] <0.41.0> alarm_handler: {clear,system_memory_high_watermark}
2013-01-14 16:22:10.449 [info] <0.41.0> alarm_handler: {set,{system_memory_high_watermark,[]}}
2013-01-14 16:23:10.452 [info] <0.41.0> alarm_handler: {clear,system_memory_high_watermark}
2013-01-14 16:24:10.456 [info] <0.41.0> alarm_handler: {set,{system_memory_high_watermark,[]}}
2013-01-14 16:25:10.460 [info] <0.41.0> alarm_handler: {clear,system_memory_high_watermark}
2013-01-14 16:26:10.463 [info] <0.41.0> alarm_handler: {set,{system_memory_high_watermark,[]}}
2013-01-14 16:38:10.511 [info] <0.41.0> alarm_handler: {clear,system_memory_high_watermark}
2013-01-14 16:39:10.515 [info] <0.41.0> alarm_handler: {set,{system_memory_high_watermark,[]}}
